<?xml version="1.0" encoding="UTF-8"?>
<!-- Generated by org.testng.reporters.JUnitReportReporter -->
<testsuite hostname="DESKTOP-8FP92BJ" failures="0" tests="3" name="TestNG_Day1.BasicAnnotations" time="0.020" errors="0" timestamp="2023-11-23T12:14:01 EST" skipped="0">
  <testcase classname="TestNG_Day1.BasicAnnotations" name="test2" time="0.004"/>
  <testcase classname="TestNG_Day1.BasicAnnotations" name="test4" time="0.005"/>
  <testcase classname="TestNG_Day1.BasicAnnotations" name="test1" time="0.011"/>
</testsuite> <!-- TestNG_Day1.BasicAnnotations -->
