<?xml version="1.0" encoding="UTF-8"?>
<!-- Generated by org.testng.reporters.JUnitReportReporter -->
<testsuite hostname="DESKTOP-8FP92BJ" failures="0" tests="3" name="TestNg_Day3.DependencyTestUsingAnnotation" time="0.037" errors="0" timestamp="2023-11-27T19:49:48 EST" skipped="0">
  <testcase classname="TestNg_Day3.DependencyTestUsingAnnotation" name="testSalutationToApril" time="0.003"/>
  <testcase classname="TestNg_Day3.DependencyTestUsingAnnotation" name="TestPrintMessage" time="0.033"/>
  <testcase classname="TestNg_Day3.DependencyTestUsingAnnotation" name="thirdMethod" time="0.001"/>
</testsuite> <!-- TestNg_Day3.DependencyTestUsingAnnotation -->
