<?xml version="1.0" encoding="UTF-8"?>
<!-- Generated by org.testng.reporters.JUnitReportReporter -->
<testsuite hostname="DESKTOP-8FP92BJ" failures="0" tests="3" name="TestNg_Day3.DependencyTestOnGroups" time="0.046" errors="0" timestamp="2023-11-27T20:18:08 EST" skipped="0">
  <testcase classname="TestNg_Day3.DependencyTestOnGroups" name="testPrintMessage" time="0.039"/>
  <testcase classname="TestNg_Day3.DependencyTestOnGroups" name="testSaluteGroups" time="0.004"/>
  <testcase classname="TestNg_Day3.DependencyTestOnGroups" name="testPrintMessage2" time="0.003"/>
</testsuite> <!-- TestNg_Day3.DependencyTestOnGroups -->
