<?xml version="1.0" encoding="UTF-8"?>
<!-- Generated by org.testng.reporters.JUnitReportReporter -->
<testsuite hostname="DESKTOP-8FP92BJ" failures="0" tests="3" name="TestNg_Day3.ParamWithDataProvider" time="0.057" errors="0" timestamp="2023-11-27T21:28:55 EST" skipped="0">
  <testcase classname="TestNg_Day3.ParamWithDataProvider" name="printDataProvider" time="0.048"/>
  <testcase classname="TestNg_Day3.ParamWithDataProvider" name="printDataProvider" time="0.005"/>
  <testcase classname="TestNg_Day3.ParamWithDataProvider" name="printDataProvider" time="0.004"/>
</testsuite> <!-- TestNg_Day3.ParamWithDataProvider -->
